[debug] [2025-08-31T12:28:58.410Z] ----------------------------------------------------------------------
[debug] [2025-08-31T12:28:58.414Z] Command:       D:\Programs\node.exe C:\Users\hp\AppData\Roaming\npm\node_modules\firebase-tools\lib\bin\firebase.js init hosting
[debug] [2025-08-31T12:28:58.414Z] CLI Version:   14.15.1
[debug] [2025-08-31T12:28:58.414Z] Platform:      win32
[debug] [2025-08-31T12:28:58.415Z] Node Version:  v22.13.1
[debug] [2025-08-31T12:28:58.415Z] Time:          Sun Aug 31 2025 17:58:58 GMT+0530 (India Standard Time)
[debug] [2025-08-31T12:28:58.415Z] ----------------------------------------------------------------------
[debug] 
[debug] [2025-08-31T12:28:58.424Z] > command requires scopes: ["email","openid","https://www.googleapis.com/auth/cloudplatformprojects.readonly","https://www.googleapis.com/auth/firebase","https://www.googleapis.com/auth/cloud-platform"]
[debug] [2025-08-31T12:28:58.425Z] > authorizing via signed-in user (ejdotp@gmail.com)
[info] 
     ######## #### ########  ######## ########     ###     ######  ########
     ##        ##  ##     ## ##       ##     ##  ##   ##  ##       ##
     ######    ##  ########  ######   ########  #########  ######  ######
     ##        ##  ##    ##  ##       ##     ## ##     ##       ## ##
     ##       #### ##     ## ######## ########  ##     ##  ######  ########

You're about to initialize a Firebase project in this directory:

  D:\TT

[info] 
=== Project Setup
[info] 
[info] First, let's associate this project directory with a Firebase project.
[info] You can create multiple project aliases by running firebase use --add, 
[info] but for now we'll just set up a default project.
[info] 
[info] i  If you want to create a project in a Google Cloud organization or folder, please use "firebase projects:create" instead, and return to this command when you've created the project. 
[debug] [2025-08-31T12:29:55.265Z] Checked if tokens are valid: true, expires at: 1756646922907
[debug] [2025-08-31T12:29:55.265Z] Checked if tokens are valid: true, expires at: 1756646922907
[debug] [2025-08-31T12:29:55.268Z] >>> [apiv2][query] POST https://firebase.googleapis.com/v1/projects:checkProjectId [none]
[debug] [2025-08-31T12:29:55.268Z] >>> [apiv2][body] POST https://firebase.googleapis.com/v1/projects:checkProjectId {"proposedId":"ejdotptimetable"}
[debug] [2025-08-31T12:29:55.911Z] <<< [apiv2][status] POST https://firebase.googleapis.com/v1/projects:checkProjectId 200
[debug] [2025-08-31T12:29:55.912Z] <<< [apiv2][body] POST https://firebase.googleapis.com/v1/projects:checkProjectId {"projectIdStatus":"PROJECT_ID_AVAILABLE","suggestedProjectId":"ejdotptimetable"}
[debug] [2025-08-31T12:30:11.557Z] Checked if tokens are valid: true, expires at: 1756646922907
[debug] [2025-08-31T12:30:11.557Z] Checked if tokens are valid: true, expires at: 1756646922907
[debug] [2025-08-31T12:30:11.557Z] >>> [apiv2][query] POST https://cloudresourcemanager.googleapis.com/v1/projects [none]
[debug] [2025-08-31T12:30:11.557Z] >>> [apiv2][body] POST https://cloudresourcemanager.googleapis.com/v1/projects {"projectId":"ejdotptimetable","name":"My Time-Table"}
[debug] [2025-08-31T12:30:13.201Z] <<< [apiv2][status] POST https://cloudresourcemanager.googleapis.com/v1/projects 200
[debug] [2025-08-31T12:30:13.202Z] <<< [apiv2][body] POST https://cloudresourcemanager.googleapis.com/v1/projects {"name":"operations/create_project.global.6895409184469025788"}
[debug] [2025-08-31T12:30:13.203Z] Checked if tokens are valid: true, expires at: 1756646922907
[debug] [2025-08-31T12:30:13.203Z] Checked if tokens are valid: true, expires at: 1756646922907
[debug] [2025-08-31T12:30:13.203Z] >>> [apiv2][query] GET https://cloudresourcemanager.googleapis.com/v1/operations/create_project.global.6895409184469025788 [none]
[debug] [2025-08-31T12:30:14.483Z] <<< [apiv2][status] GET https://cloudresourcemanager.googleapis.com/v1/operations/create_project.global.6895409184469025788 200
[debug] [2025-08-31T12:30:14.483Z] <<< [apiv2][body] GET https://cloudresourcemanager.googleapis.com/v1/operations/create_project.global.6895409184469025788 {"name":"operations/create_project.global.6895409184469025788"}
[debug] [2025-08-31T12:30:14.987Z] [Project Creation Poller] Retrying task index 0
[debug] [2025-08-31T12:30:14.987Z] Checked if tokens are valid: true, expires at: 1756646922907
[debug] [2025-08-31T12:30:14.988Z] Checked if tokens are valid: true, expires at: 1756646922907
[debug] [2025-08-31T12:30:14.988Z] >>> [apiv2][query] GET https://cloudresourcemanager.googleapis.com/v1/operations/create_project.global.6895409184469025788 [none]
[debug] [2025-08-31T12:30:15.321Z] <<< [apiv2][status] GET https://cloudresourcemanager.googleapis.com/v1/operations/create_project.global.6895409184469025788 200
[debug] [2025-08-31T12:30:15.321Z] <<< [apiv2][body] GET https://cloudresourcemanager.googleapis.com/v1/operations/create_project.global.6895409184469025788 {"name":"operations/create_project.global.6895409184469025788","metadata":{"@type":"type.googleapis.com/google.cloudresourcemanager.v1.ProjectCreationStatus","gettable":true,"ready":true},"done":true,"response":{"@type":"type.googleapis.com/google.cloudresourcemanager.v1.Project","projectNumber":"187019553051","projectId":"ejdotptimetable","lifecycleState":"ACTIVE","name":"My Time-Table","createTime":"2025-08-31T12:30:15.357907Z"}}
[debug] [2025-08-31T12:30:15.323Z] Checked if tokens are valid: true, expires at: 1756646922907
[debug] [2025-08-31T12:30:15.323Z] Checked if tokens are valid: true, expires at: 1756646922907
[debug] [2025-08-31T12:30:15.324Z] >>> [apiv2][query] POST https://firebase.googleapis.com/v1beta1/projects/ejdotptimetable:addFirebase [none]
[debug] [2025-08-31T12:30:19.251Z] <<< [apiv2][status] POST https://firebase.googleapis.com/v1beta1/projects/ejdotptimetable:addFirebase 200
[debug] [2025-08-31T12:30:19.251Z] <<< [apiv2][body] POST https://firebase.googleapis.com/v1beta1/projects/ejdotptimetable:addFirebase {"name":"operations/workflows/MWYxY2ZkMTktMTU5OS00MjBhLTljOTEtNzYyZjBjZDYyNWIy"}
[debug] [2025-08-31T12:30:19.251Z] Checked if tokens are valid: true, expires at: 1756646922907
[debug] [2025-08-31T12:30:19.251Z] Checked if tokens are valid: true, expires at: 1756646922907
[debug] [2025-08-31T12:30:19.251Z] >>> [apiv2][query] GET https://firebase.googleapis.com/v1beta1/operations/workflows/MWYxY2ZkMTktMTU5OS00MjBhLTljOTEtNzYyZjBjZDYyNWIy [none]
[debug] [2025-08-31T12:30:22.523Z] <<< [apiv2][status] GET https://firebase.googleapis.com/v1beta1/operations/workflows/MWYxY2ZkMTktMTU5OS00MjBhLTljOTEtNzYyZjBjZDYyNWIy 200
[debug] [2025-08-31T12:30:22.523Z] <<< [apiv2][body] GET https://firebase.googleapis.com/v1beta1/operations/workflows/MWYxY2ZkMTktMTU5OS00MjBhLTljOTEtNzYyZjBjZDYyNWIy {"name":"operations/workflows/MWYxY2ZkMTktMTU5OS00MjBhLTljOTEtNzYyZjBjZDYyNWIy"}
[debug] [2025-08-31T12:30:23.029Z] [Add Firebase Poller] Retrying task index 0
[debug] [2025-08-31T12:30:23.029Z] Checked if tokens are valid: true, expires at: 1756646922907
[debug] [2025-08-31T12:30:23.030Z] Checked if tokens are valid: true, expires at: 1756646922907
[debug] [2025-08-31T12:30:23.030Z] >>> [apiv2][query] GET https://firebase.googleapis.com/v1beta1/operations/workflows/MWYxY2ZkMTktMTU5OS00MjBhLTljOTEtNzYyZjBjZDYyNWIy [none]
[debug] [2025-08-31T12:30:24.144Z] <<< [apiv2][status] GET https://firebase.googleapis.com/v1beta1/operations/workflows/MWYxY2ZkMTktMTU5OS00MjBhLTljOTEtNzYyZjBjZDYyNWIy 200
[debug] [2025-08-31T12:30:24.145Z] <<< [apiv2][body] GET https://firebase.googleapis.com/v1beta1/operations/workflows/MWYxY2ZkMTktMTU5OS00MjBhLTljOTEtNzYyZjBjZDYyNWIy {"name":"operations/workflows/MWYxY2ZkMTktMTU5OS00MjBhLTljOTEtNzYyZjBjZDYyNWIy"}
[debug] [2025-08-31T12:30:25.159Z] [Add Firebase Poller] Retrying task index 0
[debug] [2025-08-31T12:30:25.159Z] Checked if tokens are valid: true, expires at: 1756646922907
[debug] [2025-08-31T12:30:25.159Z] Checked if tokens are valid: true, expires at: 1756646922907
[debug] [2025-08-31T12:30:25.160Z] >>> [apiv2][query] GET https://firebase.googleapis.com/v1beta1/operations/workflows/MWYxY2ZkMTktMTU5OS00MjBhLTljOTEtNzYyZjBjZDYyNWIy [none]
[debug] [2025-08-31T12:30:26.150Z] <<< [apiv2][status] GET https://firebase.googleapis.com/v1beta1/operations/workflows/MWYxY2ZkMTktMTU5OS00MjBhLTljOTEtNzYyZjBjZDYyNWIy 200
[debug] [2025-08-31T12:30:26.150Z] <<< [apiv2][body] GET https://firebase.googleapis.com/v1beta1/operations/workflows/MWYxY2ZkMTktMTU5OS00MjBhLTljOTEtNzYyZjBjZDYyNWIy {"name":"operations/workflows/MWYxY2ZkMTktMTU5OS00MjBhLTljOTEtNzYyZjBjZDYyNWIy"}
[debug] [2025-08-31T12:30:28.154Z] [Add Firebase Poller] Retrying task index 0
[debug] [2025-08-31T12:30:28.154Z] Checked if tokens are valid: true, expires at: 1756646922907
[debug] [2025-08-31T12:30:28.155Z] Checked if tokens are valid: true, expires at: 1756646922907
[debug] [2025-08-31T12:30:28.155Z] >>> [apiv2][query] GET https://firebase.googleapis.com/v1beta1/operations/workflows/MWYxY2ZkMTktMTU5OS00MjBhLTljOTEtNzYyZjBjZDYyNWIy [none]
[debug] [2025-08-31T12:30:28.817Z] <<< [apiv2][status] GET https://firebase.googleapis.com/v1beta1/operations/workflows/MWYxY2ZkMTktMTU5OS00MjBhLTljOTEtNzYyZjBjZDYyNWIy 200
[debug] [2025-08-31T12:30:28.817Z] <<< [apiv2][body] GET https://firebase.googleapis.com/v1beta1/operations/workflows/MWYxY2ZkMTktMTU5OS00MjBhLTljOTEtNzYyZjBjZDYyNWIy {"name":"operations/workflows/MWYxY2ZkMTktMTU5OS00MjBhLTljOTEtNzYyZjBjZDYyNWIy","done":true,"response":{"@type":"type.googleapis.com/google.firebase.service.v1beta1.FirebaseProject","projectId":"ejdotptimetable","projectNumber":"187019553051","displayName":"My Time-Table","name":"projects/ejdotptimetable","resources":{"hostingSite":"ejdotptimetable"}}}
[info] 
[info] === Your Firebase project is ready! ===
[info] 
[info] Project information:
[info]    - Project ID: ejdotptimetable
[info]    - Project Name: My Time-Table
[info] 
[info] Firebase console is available at
[info] https://console.firebase.google.com/project/ejdotptimetable/overview
[info] i  Using project ejdotptimetable (My Time-Table) 
[info] 
=== Hosting Setup
[debug] [2025-08-31T12:30:28.856Z] Checked if tokens are valid: true, expires at: 1756646922907
[debug] [2025-08-31T12:30:28.856Z] Checked if tokens are valid: true, expires at: 1756646922907
[debug] [2025-08-31T12:30:28.856Z] >>> [apiv2][query] GET https://firebase.googleapis.com/v1beta1/projects/ejdotptimetable [none]
[debug] [2025-08-31T12:30:29.893Z] <<< [apiv2][status] GET https://firebase.googleapis.com/v1beta1/projects/ejdotptimetable 200
[debug] [2025-08-31T12:30:29.893Z] <<< [apiv2][body] GET https://firebase.googleapis.com/v1beta1/projects/ejdotptimetable {"projectId":"ejdotptimetable","projectNumber":"187019553051","displayName":"My Time-Table","name":"projects/ejdotptimetable","resources":{"hostingSite":"ejdotptimetable"},"state":"ACTIVE","etag":"1_b5f619e4-7413-49b9-8ff8-7d777e3be88b"}
[info] 
[info] Your public directory is the folder (relative to your project directory) that
[info] will contain Hosting assets to be uploaded with firebase deploy. If you
[info] have a build process for your assets, use your build's output directory.
[info] 
[debug] [2025-08-31T12:32:43.074Z] >>> [apiv2][query] GET https://www.gstatic.com/firebasejs/releases.json [none]
[debug] [2025-08-31T12:32:43.266Z] <<< [apiv2][status] GET https://www.gstatic.com/firebasejs/releases.json 200
[debug] [2025-08-31T12:32:43.266Z] <<< [apiv2][body] GET https://www.gstatic.com/firebasejs/releases.json {"current":{"version":"12.2.1","browserURL":"https://www.gstatic.com/firebasejs/12.2.1/firebase.js","packageURL":"https://www.gstatic.com/firebasejs/12.2.1/firebase.tgz"},"live":{"version":"12.2","browserURL":"https://www.gstatic.com/firebasejs/live/12.2/firebase.js","packageURL":"https://www.gstatic.com/firebasejs/live/12.2/firebase.tgz"},"components":{"ai":"https://www.gstatic.com/firebasejs/12.2.1/firebase-ai.js","analytics":"https://www.gstatic.com/firebasejs/12.2.1/firebase-analytics.js","app":"https://www.gstatic.com/firebasejs/12.2.1/firebase-app.js","app-check":"https://www.gstatic.com/firebasejs/12.2.1/firebase-app-check.js","auth":"https://www.gstatic.com/firebasejs/12.2.1/firebase-auth.js","auth/cordova":"https://www.gstatic.com/firebasejs/12.2.1/firebase-auth/cordova.js","auth/web-extension":"https://www.gstatic.com/firebasejs/12.2.1/firebase-auth/web-extension.js","functions":"https://www.gstatic.com/firebasejs/12.2.1/firebase-functions.js","firestore":"https://www.gstatic.com/firebasejs/12.2.1/firebase-firestore.js","firestore/lite":"https://www.gstatic.com/firebasejs/12.2.1/firebase-firestore/lite.js","installations":"https://www.gstatic.com/firebasejs/12.2.1/firebase-installations.js","storage":"https://www.gstatic.com/firebasejs/12.2.1/firebase-storage.js","performance":"https://www.gstatic.com/firebasejs/12.2.1/firebase-performance.js","remote-config":"https://www.gstatic.com/firebasejs/12.2.1/firebase-remote-config.js","messaging":"https://www.gstatic.com/firebasejs/12.2.1/firebase-messaging.js","messaging/sw":"https://www.gstatic.com/firebasejs/12.2.1/firebase-messaging/sw.js","database":"https://www.gstatic.com/firebasejs/12.2.1/firebase-database.js","data-connect":"https://www.gstatic.com/firebasejs/12.2.1/firebase-data-connect.js","firestore.memory":"https://www.gstatic.com/firebasejs/12.2.1/firebase-firestore.memory.js"}}
[info] +  Wrote public/index.html 
[info] 
[info] i  Didn't detect a .git folder. Assuming D:\TT is the project root. 
[info] i  Authorizing with GitHub to upload your service account to a GitHub repository's secrets store. 
[info] 
[info] Visit this URL on this device to log in:
[info] https://github.com/login/oauth/authorize?client_id=89cf50f02ac6aaed3484&state=204928865&redirect_uri=http%3A%2F%2Flocalhost%3A9005&scope=read%3Auser%20repo%20public_repo
[info] 
[info] Waiting for authentication...
[debug] [2025-08-31T12:32:59.744Z] >>> [apiv2][query] POST https://github.com/login/oauth/access_token [none]
[debug] [2025-08-31T12:32:59.745Z] >>> [apiv2][body] POST https://github.com/login/oauth/access_token [stream]
[debug] [2025-08-31T12:33:00.268Z] <<< [apiv2][status] POST https://github.com/login/oauth/access_token 200
[debug] [2025-08-31T12:33:00.268Z] <<< [apiv2][body] POST https://github.com/login/oauth/access_token {"access_token":"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","token_type":"bearer","scope":"read:user,repo"}
[debug] [2025-08-31T12:33:00.272Z] >>> [apiv2][query] GET https://api.github.com/user [none]
[debug] [2025-08-31T12:33:02.217Z] <<< [apiv2][status] GET https://api.github.com/user 200
[debug] [2025-08-31T12:33:02.218Z] <<< [apiv2][body] GET https://api.github.com/user {"login":"ejdotp","id":119095231,"node_id":"U_kgDOBxk_vw","avatar_url":"https://avatars.githubusercontent.com/u/119095231?v=4","gravatar_id":"","url":"https://api.github.com/users/ejdotp","html_url":"https://github.com/ejdotp","followers_url":"https://api.github.com/users/ejdotp/followers","following_url":"https://api.github.com/users/ejdotp/following{/other_user}","gists_url":"https://api.github.com/users/ejdotp/gists{/gist_id}","starred_url":"https://api.github.com/users/ejdotp/starred{/owner}{/repo}","subscriptions_url":"https://api.github.com/users/ejdotp/subscriptions","organizations_url":"https://api.github.com/users/ejdotp/orgs","repos_url":"https://api.github.com/users/ejdotp/repos","events_url":"https://api.github.com/users/ejdotp/events{/privacy}","received_events_url":"https://api.github.com/users/ejdotp/received_events","type":"User","user_view_type":"private","site_admin":false,"name":"Jagadeeswar Patro","company":null,"blog":"","location":null,"email":null,"hireable":null,"bio":null,"twitter_username":null,"notification_email":null,"public_repos":10,"public_gists":0,"followers":18,"following":25,"created_at":"2022-11-26T05:24:47Z","updated_at":"2025-08-13T14:09:07Z","private_gists":0,"total_private_repos":0,"owned_private_repos":0,"disk_usage":303114,"collaborators":0,"two_factor_authentication":true,"plan":{"name":"free","space":976562499,"collaborators":0,"private_repos":10000}}
[info] 
[info] +  Success! Logged into GitHub as ejdotp 
[info] 
